Wed Mar 20 2019 13:29:59 GMT+0530 (India Standard Time):http
Wed Mar 20 2019 13:30:03 GMT+0530 (India Standard Time):http
Wed Mar 20 2019 13:30:41 GMT+0530 (India Standard Time):localhost
Wed Mar 20 2019 13:30:43 GMT+0530 (India Standard Time):localhost
Wed Mar 20 2019 13:31:37 GMT+0530 (India Standard Time):::1
Wed Mar 20 2019 13:31:40 GMT+0530 (India Standard Time):::1
Wed Mar 20 2019 13:48:00 GMT+0530 (India Standard Time): GET / / http localhost ::1
Wed Mar 20 2019 13:48:12 GMT+0530 (India Standard Time): GET / / http localhost ::1
Wed Mar 20 2019 14:01:07 GMT+0530 (India Standard Time): GET / / http localhost ::1
Wed Mar 20 2019 14:01:08 GMT+0530 (India Standard Time): GET /favicon.ico /favicon.ico http localhost ::1
Wed Mar 20 2019 14:01:10 GMT+0530 (India Standard Time): GET / / http localhost ::1
Wed Mar 20 2019 14:01:12 GMT+0530 (India Standard Time): GET / / http localhost ::1
Fri Apr 05 2019 16:50:05 GMT+0530 (India Standard Time): GET / / http localhost ::1
Fri Apr 05 2019 16:50:07 GMT+0530 (India Standard Time): GET / / http localhost ::1
Fri Apr 05 2019 16:50:09 GMT+0530 (India Standard Time): GET /about /about http localhost ::1
Fri Apr 05 2019 16:55:24 GMT+0530 (India Standard Time): GET / / http localhost ::1
Sat Apr 06 2019 12:58:46 GMT+0530 (India Standard Time): GET / / http localhost ::1
Sat Apr 06 2019 12:58:47 GMT+0530 (India Standard Time): GET /favicon.ico /favicon.ico http localhost ::1
Sat Apr 06 2019 12:58:52 GMT+0530 (India Standard Time): GET / / http localhost ::1
Sat Apr 06 2019 12:58:53 GMT+0530 (India Standard Time): GET /about /about http localhost ::1
Sat Apr 06 2019 20:21:12 GMT+0530 (India Standard Time): GET / / http localhost ::1
Sat Apr 06 2019 20:21:13 GMT+0530 (India Standard Time): GET /favicon.ico /favicon.ico http localhost ::1
